WARNING: Visualization area greater than simulation domain:
---> the vizualization box is adjusted to fit the maximum dimension of the simulation domain.
mx = [0 21 0]:21
my = [0 11 0]:11
mz = [0 101 0]:101
      O2+		CO2+		O+		e
m   = [5.314e-26	7.308e-26	2.657e-26	9.109e-31]
vo  = [6.094e+01]
tau = [1.641e+01]
n0  = [2.824e+07]
p0  = [9.552e-20]
B0  = [3.465e-13]
E0  = [2.111e-11]
mx = 21 my = 11 mz = 101
Form Initial Conditions: ...
ARE WE THERE YET?
Form Initial Conditions: DONE
Elapsed_time=3.9e-01	timestep 0	t 0.000e+00	dt 1.000e-06
Elapsed_time=4.7e+01	timestep 2500	t 3.309e-03	dt 1.324e-06
Elapsed_time=9.1e+01	timestep 5000	t 6.618e-03	dt 1.324e-06
Elapsed_time=1.4e+02	timestep 7500	t 9.928e-03	dt 1.324e-06
Elapsed_time=1.8e+02	timestep 10000	t 1.324e-02	dt 1.324e-06
Elapsed_time=2.3e+02	timestep 12500	t 1.655e-02	dt 1.324e-06
Elapsed_time=2.7e+02	timestep 15000	t 1.986e-02	dt 1.324e-06
Elapsed_time=3.2e+02	timestep 17500	t 2.316e-02	dt 1.324e-06
Elapsed_time=3.6e+02	timestep 20000	t 2.647e-02	dt 1.324e-06
Elapsed_time=4.1e+02	timestep 22500	t 2.978e-02	dt 1.324e-06
Elapsed_time=4.5e+02	timestep 25000	t 3.309e-02	dt 1.324e-06
Elapsed_time=5.0e+02	timestep 27500	t 3.640e-02	dt 1.324e-06
Elapsed_time=5.4e+02	timestep 30000	t 3.971e-02	dt 1.324e-06
Elapsed_time=5.9e+02	timestep 32500	t 4.302e-02	dt 1.324e-06
Elapsed_time=6.3e+02	timestep 35000	t 4.633e-02	dt 1.324e-06
Elapsed_time=6.8e+02	timestep 37500	t 4.964e-02	dt 1.324e-06
Elapsed_time=7.3e+02	timestep 40000	t 5.295e-02	dt 1.324e-06
Elapsed_time=7.7e+02	timestep 42500	t 5.626e-02	dt 1.324e-06
Elapsed_time=8.2e+02	timestep 45000	t 5.957e-02	dt 1.324e-06
Elapsed_time=8.7e+02	timestep 47500	t 6.288e-02	dt 1.324e-06
Elapsed_time=9.1e+02	timestep 50000	t 6.619e-02	dt 1.324e-06
Elapsed_time=9.6e+02	timestep 52500	t 6.949e-02	dt 1.324e-06
Elapsed_time=1.0e+03	timestep 55000	t 7.280e-02	dt 1.324e-06
Elapsed_time=1.1e+03	timestep 57500	t 7.611e-02	dt 1.324e-06
Elapsed_time=1.1e+03	timestep 60000	t 7.942e-02	dt 1.324e-06
Elapsed_time=1.1e+03	timestep 62500	t 8.273e-02	dt 1.324e-06
Elapsed_time=1.2e+03	timestep 65000	t 8.604e-02	dt 1.324e-06
Elapsed_time=1.2e+03	timestep 67500	t 8.935e-02	dt 1.324e-06
Elapsed_time=1.3e+03	timestep 70000	t 9.266e-02	dt 1.324e-06
Elapsed_time=1.3e+03	timestep 72500	t 9.597e-02	dt 1.324e-06
Elapsed_time=1.4e+03	timestep 75000	t 9.928e-02	dt 1.324e-06
Elapsed_time=1.4e+03	timestep 77500	t 1.026e-01	dt 1.324e-06
Elapsed_time=1.5e+03	timestep 80000	t 1.059e-01	dt 1.324e-06
Elapsed_time=1.5e+03	timestep 82500	t 1.092e-01	dt 1.324e-06
Elapsed_time=1.6e+03	timestep 85000	t 1.125e-01	dt 1.324e-06
Elapsed_time=1.6e+03	timestep 87500	t 1.158e-01	dt 1.324e-06
Elapsed_time=1.7e+03	timestep 90000	t 1.191e-01	dt 1.324e-06
Elapsed_time=1.7e+03	timestep 92500	t 1.224e-01	dt 1.324e-06
Elapsed_time=1.8e+03	timestep 95000	t 1.258e-01	dt 1.324e-06
Elapsed_time=1.8e+03	timestep 97500	t 1.291e-01	dt 1.324e-06
Elapsed_time=1.8e+03	timestep 100000	t 1.324e-01	dt 1.324e-06
Elapsed_time=1.9e+03	timestep 102500	t 1.357e-01	dt 1.324e-06
Elapsed_time=1.9e+03	timestep 105000	t 1.390e-01	dt 1.324e-06
Elapsed_time=2.0e+03	timestep 107500	t 1.423e-01	dt 1.324e-06
Elapsed_time=2.0e+03	timestep 110000	t 1.456e-01	dt 1.324e-06
Elapsed_time=2.1e+03	timestep 112500	t 1.489e-01	dt 1.324e-06
Elapsed_time=2.1e+03	timestep 115000	t 1.522e-01	dt 1.324e-06
Elapsed_time=2.2e+03	timestep 117500	t 1.555e-01	dt 1.324e-06
Elapsed_time=2.2e+03	timestep 120000	t 1.588e-01	dt 1.324e-06
Elapsed_time=2.3e+03	timestep 122500	t 1.622e-01	dt 1.324e-06
Elapsed_time=2.3e+03	timestep 125000	t 1.655e-01	dt 1.324e-06
Elapsed_time=2.4e+03	timestep 127500	t 1.688e-01	dt 1.324e-06
Elapsed_time=2.4e+03	timestep 130000	t 1.721e-01	dt 1.324e-06
Elapsed_time=2.4e+03	timestep 132500	t 1.754e-01	dt 1.324e-06
Elapsed_time=2.5e+03	timestep 135000	t 1.787e-01	dt 1.324e-06
Elapsed_time=2.5e+03	timestep 137500	t 1.820e-01	dt 1.324e-06
Elapsed_time=2.6e+03	timestep 140000	t 1.853e-01	dt 1.324e-06
Elapsed_time=2.6e+03	timestep 142500	t 1.886e-01	dt 1.324e-06
Elapsed_time=2.7e+03	timestep 145000	t 1.919e-01	dt 1.324e-06
Elapsed_time=2.7e+03	timestep 147500	t 1.952e-01	dt 1.324e-06
Elapsed_time=2.8e+03	timestep 150000	t 1.986e-01	dt 1.324e-06
Elapsed_time=2.8e+03	timestep 152500	t 2.019e-01	dt 1.324e-06
Elapsed_time=2.9e+03	timestep 155000	t 2.052e-01	dt 1.324e-06
Elapsed_time=2.9e+03	timestep 157500	t 2.085e-01	dt 1.324e-06
Elapsed_time=3.0e+03	timestep 160000	t 2.118e-01	dt 1.324e-06
Elapsed_time=3.0e+03	timestep 162500	t 2.151e-01	dt 1.324e-06
Elapsed_time=3.1e+03	timestep 165000	t 2.184e-01	dt 1.324e-06
Elapsed_time=3.1e+03	timestep 167500	t 2.217e-01	dt 1.324e-06
Elapsed_time=3.1e+03	timestep 170000	t 2.250e-01	dt 1.324e-06
Elapsed_time=3.2e+03	timestep 172500	t 2.283e-01	dt 1.324e-06
Elapsed_time=3.2e+03	timestep 175000	t 2.316e-01	dt 1.324e-06
Elapsed_time=3.3e+03	timestep 177500	t 2.350e-01	dt 1.324e-06
Elapsed_time=3.3e+03	timestep 180000	t 2.383e-01	dt 1.324e-06
Elapsed_time=3.4e+03	timestep 182500	t 2.416e-01	dt 1.324e-06
Elapsed_time=3.4e+03	timestep 185000	t 2.449e-01	dt 1.324e-06
Elapsed_time=3.5e+03	timestep 187500	t 2.482e-01	dt 1.324e-06
Elapsed_time=3.5e+03	timestep 190000	t 2.515e-01	dt 1.324e-06
Elapsed_time=3.6e+03	timestep 192500	t 2.548e-01	dt 1.324e-06
Elapsed_time=3.6e+03	timestep 195000	t 2.581e-01	dt 1.324e-06
Elapsed_time=3.7e+03	timestep 197500	t 2.614e-01	dt 1.324e-06
Elapsed_time=3.7e+03	timestep 200000	t 2.647e-01	dt 1.324e-06
Elapsed_time=3.7e+03	timestep 202500	t 2.681e-01	dt 1.324e-06
Elapsed_time=3.8e+03	timestep 205000	t 2.714e-01	dt 1.324e-06
Elapsed_time=3.8e+03	timestep 207500	t 2.747e-01	dt 1.324e-06
Elapsed_time=3.9e+03	timestep 210000	t 2.780e-01	dt 1.324e-06
Elapsed_time=3.9e+03	timestep 212500	t 2.813e-01	dt 1.324e-06
Elapsed_time=4.0e+03	timestep 215000	t 2.846e-01	dt 1.324e-06
Elapsed_time=4.0e+03	timestep 217500	t 2.879e-01	dt 1.324e-06
Elapsed_time=4.1e+03	timestep 220000	t 2.912e-01	dt 1.324e-06
Elapsed_time=4.1e+03	timestep 222500	t 2.945e-01	dt 1.324e-06
Elapsed_time=4.2e+03	timestep 225000	t 2.978e-01	dt 1.324e-06
Elapsed_time=4.2e+03	timestep 227500	t 3.011e-01	dt 1.324e-06
Elapsed_time=4.3e+03	timestep 230000	t 3.045e-01	dt 1.324e-06
Elapsed_time=4.3e+03	timestep 232500	t 3.078e-01	dt 1.324e-06
Elapsed_time=4.4e+03	timestep 235000	t 3.111e-01	dt 1.324e-06
Elapsed_time=4.4e+03	timestep 237500	t 3.144e-01	dt 1.324e-06
Elapsed_time=4.4e+03	timestep 240000	t 3.177e-01	dt 1.324e-06
Elapsed_time=4.5e+03	timestep 242500	t 3.210e-01	dt 1.324e-06
Elapsed_time=4.5e+03	timestep 245000	t 3.243e-01	dt 1.324e-06
Elapsed_time=4.6e+03	timestep 247500	t 3.276e-01	dt 1.324e-06
Elapsed_time=4.6e+03	timestep 250000	t 3.309e-01	dt 1.324e-06
Elapsed_time=4.7e+03	timestep 252500	t 3.342e-01	dt 1.324e-06
Elapsed_time=4.7e+03	timestep 255000	t 3.375e-01	dt 1.324e-06
Elapsed_time=4.8e+03	timestep 257500	t 3.409e-01	dt 1.324e-06
Elapsed_time=4.8e+03	timestep 260000	t 3.442e-01	dt 1.324e-06
Elapsed_time=4.9e+03	timestep 262500	t 3.475e-01	dt 1.324e-06
Elapsed_time=4.9e+03	timestep 265000	t 3.508e-01	dt 1.324e-06
Elapsed_time=5.0e+03	timestep 267500	t 3.541e-01	dt 1.324e-06
Elapsed_time=5.0e+03	timestep 270000	t 3.574e-01	dt 1.324e-06
Elapsed_time=5.1e+03	timestep 272500	t 3.607e-01	dt 1.324e-06
Elapsed_time=5.1e+03	timestep 275000	t 3.640e-01	dt 1.324e-06
Elapsed_time=5.1e+03	timestep 277500	t 3.673e-01	dt 1.324e-06
Elapsed_time=5.2e+03	timestep 280000	t 3.706e-01	dt 1.324e-06
Elapsed_time=5.2e+03	timestep 282500	t 3.739e-01	dt 1.324e-06
Elapsed_time=5.3e+03	timestep 285000	t 3.773e-01	dt 1.324e-06
Elapsed_time=5.3e+03	timestep 287500	t 3.806e-01	dt 1.324e-06
Elapsed_time=5.4e+03	timestep 290000	t 3.839e-01	dt 1.324e-06
Elapsed_time=5.4e+03	timestep 292500	t 3.872e-01	dt 1.324e-06
Elapsed_time=5.5e+03	timestep 295000	t 3.905e-01	dt 1.324e-06
Elapsed_time=5.5e+03	timestep 297500	t 3.938e-01	dt 1.324e-06
Elapsed_time=5.6e+03	timestep 300000	t 3.971e-01	dt 1.324e-06
Elapsed_time=5.6e+03	timestep 302500	t 4.004e-01	dt 1.324e-06
Elapsed_time=5.7e+03	timestep 305000	t 4.037e-01	dt 1.324e-06
Elapsed_time=5.7e+03	timestep 307500	t 4.070e-01	dt 1.324e-06
Elapsed_time=5.8e+03	timestep 310000	t 4.104e-01	dt 1.324e-06
Elapsed_time=5.8e+03	timestep 312500	t 4.137e-01	dt 1.324e-06
Elapsed_time=5.8e+03	timestep 315000	t 4.170e-01	dt 1.324e-06
Elapsed_time=5.9e+03	timestep 317500	t 4.203e-01	dt 1.324e-06
Elapsed_time=5.9e+03	timestep 320000	t 4.236e-01	dt 1.324e-06
Elapsed_time=6.0e+03	timestep 322500	t 4.269e-01	dt 1.324e-06
Elapsed_time=6.0e+03	timestep 325000	t 4.302e-01	dt 1.324e-06
Elapsed_time=6.1e+03	timestep 327500	t 4.335e-01	dt 1.324e-06
Elapsed_time=6.1e+03	timestep 330000	t 4.368e-01	dt 1.324e-06
Elapsed_time=6.2e+03	timestep 332500	t 4.401e-01	dt 1.324e-06
Elapsed_time=6.2e+03	timestep 335000	t 4.434e-01	dt 1.324e-06
Elapsed_time=6.3e+03	timestep 337500	t 4.468e-01	dt 1.324e-06
Elapsed_time=6.3e+03	timestep 340000	t 4.501e-01	dt 1.324e-06
Elapsed_time=6.4e+03	timestep 342500	t 4.534e-01	dt 1.324e-06
Elapsed_time=6.4e+03	timestep 345000	t 4.567e-01	dt 1.324e-06
Elapsed_time=6.4e+03	timestep 347500	t 4.600e-01	dt 1.324e-06
Elapsed_time=6.5e+03	timestep 350000	t 4.633e-01	dt 1.324e-06
Elapsed_time=6.5e+03	timestep 352500	t 4.666e-01	dt 1.324e-06
Elapsed_time=6.6e+03	timestep 355000	t 4.699e-01	dt 1.324e-06
Elapsed_time=6.6e+03	timestep 357500	t 4.732e-01	dt 1.324e-06
Elapsed_time=6.7e+03	timestep 360000	t 4.765e-01	dt 1.324e-06
Elapsed_time=6.7e+03	timestep 362500	t 4.798e-01	dt 1.324e-06
Elapsed_time=6.8e+03	timestep 365000	t 4.832e-01	dt 1.324e-06
Elapsed_time=6.8e+03	timestep 367500	t 4.865e-01	dt 1.324e-06
Elapsed_time=6.9e+03	timestep 370000	t 4.898e-01	dt 1.324e-06
Elapsed_time=6.9e+03	timestep 372500	t 4.931e-01	dt 1.324e-06
Elapsed_time=7.0e+03	timestep 375000	t 4.964e-01	dt 1.324e-06
Elapsed_time=7.0e+03	timestep 377500	t 4.997e-01	dt 1.324e-06
Elapsed_time=7.1e+03	timestep 380000	t 5.030e-01	dt 1.324e-06
Elapsed_time=7.1e+03	timestep 382500	t 5.063e-01	dt 1.324e-06
Elapsed_time=7.1e+03	timestep 385000	t 5.096e-01	dt 1.324e-06
Elapsed_time=7.2e+03	timestep 387500	t 5.129e-01	dt 1.324e-06
Elapsed_time=7.2e+03	timestep 390000	t 5.162e-01	dt 1.324e-06
Elapsed_time=7.3e+03	timestep 392500	t 5.196e-01	dt 1.324e-06
Elapsed_time=7.3e+03	timestep 395000	t 5.229e-01	dt 1.324e-06
Elapsed_time=7.4e+03	timestep 397500	t 5.262e-01	dt 1.324e-06
Elapsed_time=7.4e+03	timestep 400000	t 5.295e-01	dt 1.324e-06
Elapsed_time=7.5e+03	timestep 402500	t 5.328e-01	dt 1.324e-06
Elapsed_time=7.5e+03	timestep 405000	t 5.361e-01	dt 1.324e-06
Elapsed_time=7.6e+03	timestep 407500	t 5.394e-01	dt 1.324e-06
Elapsed_time=7.6e+03	timestep 410000	t 5.427e-01	dt 1.324e-06
Elapsed_time=7.7e+03	timestep 412500	t 5.460e-01	dt 1.324e-06
Elapsed_time=7.7e+03	timestep 415000	t 5.493e-01	dt 1.324e-06
Elapsed_time=7.8e+03	timestep 417500	t 5.527e-01	dt 1.324e-06
Elapsed_time=7.8e+03	timestep 420000	t 5.560e-01	dt 1.324e-06
Elapsed_time=7.8e+03	timestep 422500	t 5.593e-01	dt 1.324e-06
Elapsed_time=7.9e+03	timestep 425000	t 5.626e-01	dt 1.324e-06
Elapsed_time=7.9e+03	timestep 427500	t 5.659e-01	dt 1.324e-06
Elapsed_time=8.0e+03	timestep 430000	t 5.692e-01	dt 1.324e-06
Elapsed_time=8.0e+03	timestep 432500	t 5.725e-01	dt 1.324e-06
Elapsed_time=8.1e+03	timestep 435000	t 5.758e-01	dt 1.324e-06
Elapsed_time=8.1e+03	timestep 437500	t 5.791e-01	dt 1.324e-06
Elapsed_time=8.2e+03	timestep 440000	t 5.824e-01	dt 1.324e-06
Elapsed_time=8.2e+03	timestep 442500	t 5.857e-01	dt 1.324e-06
Elapsed_time=8.3e+03	timestep 445000	t 5.891e-01	dt 1.324e-06
Elapsed_time=8.3e+03	timestep 447500	t 5.924e-01	dt 1.324e-06
Elapsed_time=8.4e+03	timestep 450000	t 5.957e-01	dt 1.324e-06
Elapsed_time=8.4e+03	timestep 452500	t 5.990e-01	dt 1.324e-06
Elapsed_time=8.5e+03	timestep 455000	t 6.023e-01	dt 1.324e-06
Elapsed_time=8.5e+03	timestep 457500	t 6.056e-01	dt 1.324e-06
Elapsed_time=8.5e+03	timestep 460000	t 6.089e-01	dt 1.324e-06
Elapsed_time=8.6e+03	timestep 462500	t 6.122e-01	dt 1.324e-06
Elapsed_time=8.6e+03	timestep 465000	t 6.155e-01	dt 1.324e-06
Elapsed_time=8.7e+03	timestep 467500	t 6.188e-01	dt 1.324e-06
Elapsed_time=8.7e+03	timestep 470000	t 6.221e-01	dt 1.324e-06
Elapsed_time=8.8e+03	timestep 472500	t 6.255e-01	dt 1.324e-06
Elapsed_time=8.8e+03	timestep 475000	t 6.288e-01	dt 1.324e-06
Elapsed_time=8.9e+03	timestep 477500	t 6.321e-01	dt 1.324e-06
Elapsed_time=8.9e+03	timestep 480000	t 6.354e-01	dt 1.324e-06
Elapsed_time=9.0e+03	timestep 482500	t 6.387e-01	dt 1.324e-06
Elapsed_time=9.0e+03	timestep 485000	t 6.420e-01	dt 1.324e-06
Elapsed_time=9.1e+03	timestep 487500	t 6.453e-01	dt 1.324e-06
Elapsed_time=9.1e+03	timestep 490000	t 6.486e-01	dt 1.324e-06
Elapsed_time=9.1e+03	timestep 492500	t 6.519e-01	dt 1.324e-06
Elapsed_time=9.2e+03	timestep 495000	t 6.552e-01	dt 1.324e-06
Elapsed_time=9.2e+03	timestep 497500	t 6.585e-01	dt 1.324e-06
Elapsed_time=9.3e+03	timestep 500000	t 6.619e-01	dt 1.324e-06
Elapsed_time=9.3e+03	timestep 502500	t 6.652e-01	dt 1.324e-06
Elapsed_time=9.4e+03	timestep 505000	t 6.685e-01	dt 1.324e-06
Elapsed_time=9.4e+03	timestep 507500	t 6.718e-01	dt 1.324e-06
Elapsed_time=9.5e+03	timestep 510000	t 6.751e-01	dt 1.324e-06
Elapsed_time=9.5e+03	timestep 512500	t 6.784e-01	dt 1.324e-06
Elapsed_time=9.6e+03	timestep 515000	t 6.817e-01	dt 1.324e-06
Elapsed_time=9.6e+03	timestep 517500	t 6.850e-01	dt 1.324e-06
Elapsed_time=9.7e+03	timestep 520000	t 6.883e-01	dt 1.324e-06
Elapsed_time=9.7e+03	timestep 522500	t 6.916e-01	dt 1.324e-06
Elapsed_time=9.8e+03	timestep 525000	t 6.950e-01	dt 1.324e-06
Elapsed_time=9.8e+03	timestep 527500	t 6.983e-01	dt 1.324e-06
Elapsed_time=9.8e+03	timestep 530000	t 7.016e-01	dt 1.324e-06
Elapsed_time=9.9e+03	timestep 532500	t 7.049e-01	dt 1.324e-06
Elapsed_time=9.9e+03	timestep 535000	t 7.082e-01	dt 1.324e-06
Elapsed_time=1.0e+04	timestep 537500	t 7.115e-01	dt 1.324e-06
Elapsed_time=1.0e+04	timestep 540000	t 7.148e-01	dt 1.324e-06
Elapsed_time=1.0e+04	timestep 542500	t 7.181e-01	dt 1.324e-06
Elapsed_time=1.0e+04	timestep 545000	t 7.214e-01	dt 1.324e-06
Elapsed_time=1.0e+04	timestep 547500	t 7.247e-01	dt 1.324e-06
Elapsed_time=1.0e+04	timestep 550000	t 7.280e-01	dt 1.324e-06
Elapsed_time=1.0e+04	timestep 552500	t 7.314e-01	dt 1.324e-06
Elapsed_time=1.0e+04	timestep 555000	t 7.347e-01	dt 1.324e-06
Elapsed_time=1.0e+04	timestep 557500	t 7.380e-01	dt 1.324e-06
Elapsed_time=1.0e+04	timestep 560000	t 7.413e-01	dt 1.324e-06
Elapsed_time=1.0e+04	timestep 562500	t 7.446e-01	dt 1.324e-06
Elapsed_time=1.0e+04	timestep 565000	t 7.479e-01	dt 1.324e-06
Elapsed_time=1.1e+04	timestep 567500	t 7.512e-01	dt 1.324e-06
Elapsed_time=1.1e+04	timestep 570000	t 7.545e-01	dt 1.324e-06
Elapsed_time=1.1e+04	timestep 572500	t 7.578e-01	dt 1.324e-06
Elapsed_time=1.1e+04	timestep 575000	t 7.611e-01	dt 1.324e-06
Elapsed_time=1.1e+04	timestep 577500	t 7.644e-01	dt 1.324e-06
Elapsed_time=1.1e+04	timestep 580000	t 7.678e-01	dt 1.324e-06
Elapsed_time=1.1e+04	timestep 582500	t 7.711e-01	dt 1.324e-06
Elapsed_time=1.1e+04	timestep 585000	t 7.744e-01	dt 1.324e-06
Elapsed_time=1.1e+04	timestep 587500	t 7.777e-01	dt 1.324e-06
Elapsed_time=1.1e+04	timestep 590000	t 7.810e-01	dt 1.324e-06
Elapsed_time=1.1e+04	timestep 592500	t 7.843e-01	dt 1.324e-06
Elapsed_time=1.1e+04	timestep 595000	t 7.876e-01	dt 1.324e-06
Elapsed_time=1.1e+04	timestep 597500	t 7.909e-01	dt 1.324e-06
Elapsed_time=1.1e+04	timestep 600000	t 7.942e-01	dt 1.324e-06
Elapsed_time=1.1e+04	timestep 602500	t 7.975e-01	dt 1.324e-06
Elapsed_time=1.1e+04	timestep 605000	t 8.008e-01	dt 1.324e-06
Elapsed_time=1.1e+04	timestep 607500	t 8.042e-01	dt 1.324e-06
Elapsed_time=1.1e+04	timestep 610000	t 8.075e-01	dt 1.324e-06
Elapsed_time=1.1e+04	timestep 612500	t 8.108e-01	dt 1.324e-06
Elapsed_time=1.1e+04	timestep 615000	t 8.141e-01	dt 1.324e-06
Elapsed_time=1.1e+04	timestep 617500	t 8.174e-01	dt 1.324e-06
Elapsed_time=1.2e+04	timestep 620000	t 8.207e-01	dt 1.324e-06
Elapsed_time=1.2e+04	timestep 622500	t 8.240e-01	dt 1.324e-06
Elapsed_time=1.2e+04	timestep 625000	t 8.273e-01	dt 1.324e-06
Elapsed_time=1.2e+04	timestep 627500	t 8.306e-01	dt 1.324e-06
Elapsed_time=1.2e+04	timestep 630000	t 8.339e-01	dt 1.324e-06
Elapsed_time=1.2e+04	timestep 632500	t 8.372e-01	dt 1.324e-06
Elapsed_time=1.2e+04	timestep 635000	t 8.406e-01	dt 1.324e-06
Elapsed_time=1.2e+04	timestep 637500	t 8.439e-01	dt 1.324e-06
Elapsed_time=1.2e+04	timestep 640000	t 8.472e-01	dt 1.324e-06
Elapsed_time=1.2e+04	timestep 642500	t 8.505e-01	dt 1.324e-06
Elapsed_time=1.2e+04	timestep 645000	t 8.538e-01	dt 1.324e-06
Elapsed_time=1.2e+04	timestep 647500	t 8.571e-01	dt 1.324e-06
Elapsed_time=1.2e+04	timestep 650000	t 8.604e-01	dt 1.324e-06
Elapsed_time=1.2e+04	timestep 652500	t 8.637e-01	dt 1.324e-06
Elapsed_time=1.2e+04	timestep 655000	t 8.670e-01	dt 1.324e-06
Elapsed_time=1.2e+04	timestep 657500	t 8.703e-01	dt 1.324e-06
Elapsed_time=1.2e+04	timestep 660000	t 8.737e-01	dt 1.324e-06
Elapsed_time=1.2e+04	timestep 662500	t 8.770e-01	dt 1.324e-06
Elapsed_time=1.2e+04	timestep 665000	t 8.803e-01	dt 1.324e-06
Elapsed_time=1.2e+04	timestep 667500	t 8.836e-01	dt 1.324e-06
Elapsed_time=1.2e+04	timestep 670000	t 8.869e-01	dt 1.324e-06
Elapsed_time=1.2e+04	timestep 672500	t 8.902e-01	dt 1.324e-06
Elapsed_time=1.3e+04	timestep 675000	t 8.935e-01	dt 1.324e-06
Elapsed_time=1.3e+04	timestep 677500	t 8.968e-01	dt 1.324e-06
Elapsed_time=1.3e+04	timestep 680000	t 9.001e-01	dt 1.324e-06
Elapsed_time=1.3e+04	timestep 682500	t 9.034e-01	dt 1.324e-06
Elapsed_time=1.3e+04	timestep 685000	t 9.067e-01	dt 1.324e-06
Elapsed_time=1.3e+04	timestep 687500	t 9.101e-01	dt 1.324e-06
Elapsed_time=1.3e+04	timestep 690000	t 9.134e-01	dt 1.324e-06
Elapsed_time=1.3e+04	timestep 692500	t 9.167e-01	dt 1.324e-06
Elapsed_time=1.3e+04	timestep 695000	t 9.200e-01	dt 1.324e-06
Elapsed_time=1.3e+04	timestep 697500	t 9.233e-01	dt 1.324e-06
Elapsed_time=1.3e+04	timestep 700000	t 9.266e-01	dt 1.324e-06
Elapsed_time=1.3e+04	timestep 702500	t 9.299e-01	dt 1.324e-06
Elapsed_time=1.3e+04	timestep 705000	t 9.332e-01	dt 1.324e-06
Elapsed_time=1.3e+04	timestep 707500	t 9.365e-01	dt 1.324e-06
Elapsed_time=1.3e+04	timestep 710000	t 9.398e-01	dt 1.324e-06
Elapsed_time=1.3e+04	timestep 712500	t 9.431e-01	dt 1.324e-06
Elapsed_time=1.3e+04	timestep 715000	t 9.465e-01	dt 1.324e-06
Elapsed_time=1.3e+04	timestep 717500	t 9.498e-01	dt 1.324e-06
Elapsed_time=1.3e+04	timestep 720000	t 9.531e-01	dt 1.324e-06
Elapsed_time=1.3e+04	timestep 722500	t 9.564e-01	dt 1.324e-06
Elapsed_time=1.3e+04	timestep 725000	t 9.597e-01	dt 1.324e-06
Elapsed_time=1.4e+04	timestep 727500	t 9.630e-01	dt 1.324e-06
Elapsed_time=1.4e+04	timestep 730000	t 9.663e-01	dt 1.324e-06
Elapsed_time=1.4e+04	timestep 732500	t 9.696e-01	dt 1.324e-06
Elapsed_time=1.4e+04	timestep 735000	t 9.729e-01	dt 1.324e-06
Elapsed_time=1.4e+04	timestep 737500	t 9.762e-01	dt 1.324e-06
Elapsed_time=1.4e+04	timestep 740000	t 9.795e-01	dt 1.324e-06
Elapsed_time=1.4e+04	timestep 742500	t 9.829e-01	dt 1.324e-06
Elapsed_time=1.4e+04	timestep 745000	t 9.862e-01	dt 1.324e-06
Elapsed_time=1.4e+04	timestep 747500	t 9.895e-01	dt 1.324e-06
Elapsed_time=1.4e+04	timestep 750000	t 9.928e-01	dt 1.324e-06
Elapsed_time=1.4e+04	timestep 752500	t 9.961e-01	dt 1.324e-06
Elapsed_time=1.4e+04	timestep 755000	t 9.994e-01	dt 1.324e-06
Elapsed_time=1.4e+04	timestep 757500	t 1.003e+00	dt 1.324e-06
Elapsed_time=1.4e+04	timestep 760000	t 1.006e+00	dt 1.324e-06
Elapsed_time=1.4e+04	timestep 762500	t 1.009e+00	dt 1.324e-06
Elapsed_time=1.4e+04	timestep 765000	t 1.013e+00	dt 1.324e-06
Elapsed_time=1.4e+04	timestep 767500	t 1.016e+00	dt 1.324e-06
Elapsed_time=1.4e+04	timestep 770000	t 1.019e+00	dt 1.324e-06
Elapsed_time=1.4e+04	timestep 772500	t 1.023e+00	dt 1.324e-06
Elapsed_time=1.4e+04	timestep 775000	t 1.026e+00	dt 1.324e-06
Elapsed_time=1.4e+04	timestep 777500	t 1.029e+00	dt 1.324e-06
Elapsed_time=1.4e+04	timestep 780000	t 1.032e+00	dt 1.324e-06
Elapsed_time=1.5e+04	timestep 782500	t 1.036e+00	dt 1.324e-06
Elapsed_time=1.5e+04	timestep 785000	t 1.039e+00	dt 1.324e-06
Elapsed_time=1.5e+04	timestep 787500	t 1.042e+00	dt 1.324e-06
Elapsed_time=1.5e+04	timestep 790000	t 1.046e+00	dt 1.324e-06
Elapsed_time=1.5e+04	timestep 792500	t 1.049e+00	dt 1.324e-06
Elapsed_time=1.5e+04	timestep 795000	t 1.052e+00	dt 1.324e-06
Elapsed_time=1.5e+04	timestep 797500	t 1.056e+00	dt 1.324e-06
Elapsed_time=1.5e+04	timestep 800000	t 1.059e+00	dt 1.324e-06
Elapsed_time=1.5e+04	timestep 802500	t 1.062e+00	dt 1.324e-06
Elapsed_time=1.5e+04	timestep 805000	t 1.066e+00	dt 1.324e-06
Elapsed_time=1.5e+04	timestep 807500	t 1.069e+00	dt 1.324e-06
Elapsed_time=1.5e+04	timestep 810000	t 1.072e+00	dt 1.324e-06
Elapsed_time=1.5e+04	timestep 812500	t 1.076e+00	dt 1.324e-06
Elapsed_time=1.5e+04	timestep 815000	t 1.079e+00	dt 1.324e-06
Elapsed_time=1.5e+04	timestep 817500	t 1.082e+00	dt 1.324e-06
Elapsed_time=1.5e+04	timestep 820000	t 1.085e+00	dt 1.324e-06
Elapsed_time=1.5e+04	timestep 822500	t 1.089e+00	dt 1.324e-06
Elapsed_time=1.5e+04	timestep 825000	t 1.092e+00	dt 1.324e-06
Elapsed_time=1.5e+04	timestep 827500	t 1.095e+00	dt 1.324e-06
Elapsed_time=1.5e+04	timestep 830000	t 1.099e+00	dt 1.324e-06
Elapsed_time=1.5e+04	timestep 832500	t 1.102e+00	dt 1.324e-06
Elapsed_time=1.6e+04	timestep 835000	t 1.105e+00	dt 1.324e-06
Elapsed_time=1.6e+04	timestep 837500	t 1.109e+00	dt 1.324e-06
Elapsed_time=1.6e+04	timestep 840000	t 1.112e+00	dt 1.324e-06
Elapsed_time=1.6e+04	timestep 842500	t 1.115e+00	dt 1.324e-06
Elapsed_time=1.6e+04	timestep 845000	t 1.119e+00	dt 1.324e-06
Elapsed_time=1.6e+04	timestep 847500	t 1.122e+00	dt 1.324e-06
Elapsed_time=1.6e+04	timestep 850000	t 1.125e+00	dt 1.324e-06
Elapsed_time=1.6e+04	timestep 852500	t 1.128e+00	dt 1.324e-06
Elapsed_time=1.6e+04	timestep 855000	t 1.132e+00	dt 1.324e-06
Elapsed_time=1.6e+04	timestep 857500	t 1.135e+00	dt 1.324e-06
Elapsed_time=1.6e+04	timestep 860000	t 1.138e+00	dt 1.324e-06
Elapsed_time=1.6e+04	timestep 862500	t 1.142e+00	dt 1.324e-06
Elapsed_time=1.6e+04	timestep 865000	t 1.145e+00	dt 1.324e-06
Elapsed_time=1.6e+04	timestep 867500	t 1.148e+00	dt 1.324e-06
Elapsed_time=1.6e+04	timestep 870000	t 1.152e+00	dt 1.324e-06
Elapsed_time=1.6e+04	timestep 872500	t 1.155e+00	dt 1.324e-06
Elapsed_time=1.6e+04	timestep 875000	t 1.158e+00	dt 1.324e-06
Elapsed_time=1.6e+04	timestep 877500	t 1.162e+00	dt 1.324e-06
Elapsed_time=1.6e+04	timestep 880000	t 1.165e+00	dt 1.324e-06
Elapsed_time=1.6e+04	timestep 882500	t 1.168e+00	dt 1.324e-06
Elapsed_time=1.6e+04	timestep 885000	t 1.171e+00	dt 1.324e-06
Elapsed_time=1.6e+04	timestep 887500	t 1.175e+00	dt 1.324e-06
Elapsed_time=1.7e+04	timestep 890000	t 1.178e+00	dt 1.324e-06
Elapsed_time=1.7e+04	timestep 892500	t 1.181e+00	dt 1.324e-06
Elapsed_time=1.7e+04	timestep 895000	t 1.185e+00	dt 1.324e-06
Elapsed_time=1.7e+04	timestep 897500	t 1.188e+00	dt 1.324e-06
Elapsed_time=1.7e+04	timestep 900000	t 1.191e+00	dt 1.324e-06
Elapsed_time=1.7e+04	timestep 902500	t 1.195e+00	dt 1.324e-06
Elapsed_time=1.7e+04	timestep 905000	t 1.198e+00	dt 1.324e-06
Elapsed_time=1.7e+04	timestep 907500	t 1.201e+00	dt 1.324e-06
Elapsed_time=1.7e+04	timestep 910000	t 1.205e+00	dt 1.324e-06
Elapsed_time=1.7e+04	timestep 912500	t 1.208e+00	dt 1.324e-06
Elapsed_time=1.7e+04	timestep 915000	t 1.211e+00	dt 1.324e-06
Elapsed_time=1.7e+04	timestep 917500	t 1.215e+00	dt 1.324e-06
Elapsed_time=1.7e+04	timestep 920000	t 1.218e+00	dt 1.324e-06
Elapsed_time=1.7e+04	timestep 922500	t 1.221e+00	dt 1.324e-06
Elapsed_time=1.7e+04	timestep 925000	t 1.224e+00	dt 1.324e-06
Elapsed_time=1.7e+04	timestep 927500	t 1.228e+00	dt 1.324e-06
Elapsed_time=1.7e+04	timestep 930000	t 1.231e+00	dt 1.324e-06
Elapsed_time=1.7e+04	timestep 932500	t 1.234e+00	dt 1.324e-06
Elapsed_time=1.7e+04	timestep 935000	t 1.238e+00	dt 1.324e-06
Elapsed_time=1.7e+04	timestep 937500	t 1.241e+00	dt 1.324e-06
Elapsed_time=1.7e+04	timestep 940000	t 1.244e+00	dt 1.324e-06
Elapsed_time=1.8e+04	timestep 942500	t 1.248e+00	dt 1.324e-06
Elapsed_time=1.8e+04	timestep 945000	t 1.251e+00	dt 1.324e-06
Elapsed_time=1.8e+04	timestep 947500	t 1.254e+00	dt 1.324e-06
Elapsed_time=1.8e+04	timestep 950000	t 1.258e+00	dt 1.324e-06
Elapsed_time=1.8e+04	timestep 952500	t 1.261e+00	dt 1.324e-06
Elapsed_time=1.8e+04	timestep 955000	t 1.264e+00	dt 1.324e-06
Elapsed_time=1.8e+04	timestep 957500	t 1.267e+00	dt 1.324e-06
Elapsed_time=1.8e+04	timestep 960000	t 1.271e+00	dt 1.324e-06
Elapsed_time=1.8e+04	timestep 962500	t 1.274e+00	dt 1.324e-06
Elapsed_time=1.8e+04	timestep 965000	t 1.277e+00	dt 1.324e-06
Elapsed_time=1.8e+04	timestep 967500	t 1.281e+00	dt 1.324e-06
Elapsed_time=1.8e+04	timestep 970000	t 1.284e+00	dt 1.324e-06
Elapsed_time=1.8e+04	timestep 972500	t 1.287e+00	dt 1.324e-06
Elapsed_time=1.8e+04	timestep 975000	t 1.291e+00	dt 1.324e-06
Elapsed_time=1.8e+04	timestep 977500	t 1.294e+00	dt 1.324e-06
Elapsed_time=1.8e+04	timestep 980000	t 1.297e+00	dt 1.324e-06
Elapsed_time=1.8e+04	timestep 982500	t 1.301e+00	dt 1.324e-06
Elapsed_time=1.8e+04	timestep 985000	t 1.304e+00	dt 1.324e-06
Elapsed_time=1.8e+04	timestep 987500	t 1.307e+00	dt 1.324e-06
Elapsed_time=1.8e+04	timestep 990000	t 1.310e+00	dt 1.324e-06
Elapsed_time=1.8e+04	timestep 992500	t 1.314e+00	dt 1.324e-06
Elapsed_time=1.8e+04	timestep 995000	t 1.317e+00	dt 1.324e-06
Elapsed_time=1.9e+04	timestep 997500	t 1.320e+00	dt 1.324e-06
Elapsed_time=1.9e+04	timestep 1000000	t 1.324e+00	dt 1.324e-06
Elapsed_time=1.9e+04	timestep 1002500	t 1.327e+00	dt 1.324e-06
Elapsed_time=1.9e+04	timestep 1005000	t 1.330e+00	dt 1.324e-06
Elapsed_time=1.9e+04	timestep 1007500	t 1.334e+00	dt 1.324e-06
Elapsed_time=1.9e+04	timestep 1010000	t 1.337e+00	dt 1.324e-06
Elapsed_time=1.9e+04	timestep 1012500	t 1.340e+00	dt 1.324e-06
Elapsed_time=1.9e+04	timestep 1015000	t 1.344e+00	dt 1.324e-06
Elapsed_time=1.9e+04	timestep 1017500	t 1.347e+00	dt 1.324e-06
Elapsed_time=1.9e+04	timestep 1020000	t 1.350e+00	dt 1.324e-06
Elapsed_time=1.9e+04	timestep 1022500	t 1.353e+00	dt 1.324e-06
Elapsed_time=1.9e+04	timestep 1025000	t 1.357e+00	dt 1.324e-06
Elapsed_time=1.9e+04	timestep 1027500	t 1.360e+00	dt 1.324e-06
Elapsed_time=1.9e+04	timestep 1030000	t 1.363e+00	dt 1.324e-06
Elapsed_time=1.9e+04	timestep 1032500	t 1.367e+00	dt 1.324e-06
Elapsed_time=1.9e+04	timestep 1035000	t 1.370e+00	dt 1.324e-06
Elapsed_time=1.9e+04	timestep 1037500	t 1.373e+00	dt 1.324e-06
Elapsed_time=1.9e+04	timestep 1040000	t 1.377e+00	dt 1.324e-06
Elapsed_time=1.9e+04	timestep 1042500	t 1.380e+00	dt 1.324e-06
Elapsed_time=1.9e+04	timestep 1045000	t 1.383e+00	dt 1.324e-06
Elapsed_time=1.9e+04	timestep 1047500	t 1.387e+00	dt 1.324e-06
Elapsed_time=2.0e+04	timestep 1050000	t 1.390e+00	dt 1.324e-06
Elapsed_time=2.0e+04	timestep 1052500	t 1.393e+00	dt 1.324e-06
Elapsed_time=2.0e+04	timestep 1055000	t 1.397e+00	dt 1.324e-06
Elapsed_time=2.0e+04	timestep 1057500	t 1.400e+00	dt 1.324e-06
Elapsed_time=2.0e+04	timestep 1060000	t 1.403e+00	dt 1.324e-06
Elapsed_time=2.0e+04	timestep 1062500	t 1.406e+00	dt 1.324e-06
Elapsed_time=2.0e+04	timestep 1065000	t 1.410e+00	dt 1.324e-06
Elapsed_time=2.0e+04	timestep 1067500	t 1.413e+00	dt 1.324e-06
Elapsed_time=2.0e+04	timestep 1070000	t 1.416e+00	dt 1.324e-06
Elapsed_time=2.0e+04	timestep 1072500	t 1.420e+00	dt 1.324e-06
Elapsed_time=2.0e+04	timestep 1075000	t 1.423e+00	dt 1.324e-06
Elapsed_time=2.0e+04	timestep 1077500	t 1.426e+00	dt 1.324e-06
Elapsed_time=2.0e+04	timestep 1080000	t 1.430e+00	dt 1.324e-06
Elapsed_time=2.0e+04	timestep 1082500	t 1.433e+00	dt 1.324e-06
Elapsed_time=2.0e+04	timestep 1085000	t 1.436e+00	dt 1.324e-06
Elapsed_time=2.0e+04	timestep 1087500	t 1.440e+00	dt 1.324e-06
Elapsed_time=2.0e+04	timestep 1090000	t 1.443e+00	dt 1.324e-06
Elapsed_time=2.0e+04	timestep 1092500	t 1.446e+00	dt 1.324e-06
Elapsed_time=2.0e+04	timestep 1095000	t 1.449e+00	dt 1.324e-06
Elapsed_time=2.0e+04	timestep 1097500	t 1.453e+00	dt 1.324e-06
Elapsed_time=2.0e+04	timestep 1100000	t 1.456e+00	dt 1.324e-06
Elapsed_time=2.1e+04	timestep 1102500	t 1.459e+00	dt 1.324e-06
Elapsed_time=2.1e+04	timestep 1105000	t 1.463e+00	dt 1.324e-06
Elapsed_time=2.1e+04	timestep 1107500	t 1.466e+00	dt 1.324e-06
Elapsed_time=2.1e+04	timestep 1110000	t 1.469e+00	dt 1.324e-06
Elapsed_time=2.1e+04	timestep 1112500	t 1.473e+00	dt 1.324e-06
Elapsed_time=2.1e+04	timestep 1115000	t 1.476e+00	dt 1.324e-06
Elapsed_time=2.1e+04	timestep 1117500	t 1.479e+00	dt 1.324e-06
Elapsed_time=2.1e+04	timestep 1120000	t 1.483e+00	dt 1.324e-06
Elapsed_time=2.1e+04	timestep 1122500	t 1.486e+00	dt 1.324e-06
Elapsed_time=2.1e+04	timestep 1125000	t 1.489e+00	dt 1.324e-06
Elapsed_time=2.1e+04	timestep 1127500	t 1.492e+00	dt 1.324e-06
Elapsed_time=2.1e+04	timestep 1130000	t 1.496e+00	dt 1.324e-06
Elapsed_time=2.1e+04	timestep 1132500	t 1.499e+00	dt 1.324e-06
Elapsed_time=2.1e+04	timestep 1135000	t 1.502e+00	dt 1.324e-06
Elapsed_time=2.1e+04	timestep 1137500	t 1.506e+00	dt 1.324e-06
Elapsed_time=2.1e+04	timestep 1140000	t 1.509e+00	dt 1.324e-06
Elapsed_time=2.1e+04	timestep 1142500	t 1.512e+00	dt 1.324e-06
Elapsed_time=2.1e+04	timestep 1145000	t 1.516e+00	dt 1.324e-06
Elapsed_time=2.1e+04	timestep 1147500	t 1.519e+00	dt 1.324e-06
Elapsed_time=2.1e+04	timestep 1150000	t 1.522e+00	dt 1.324e-06
Elapsed_time=2.1e+04	timestep 1152500	t 1.526e+00	dt 1.324e-06
Elapsed_time=2.1e+04	timestep 1155000	t 1.529e+00	dt 1.324e-06
Elapsed_time=2.2e+04	timestep 1157500	t 1.532e+00	dt 1.324e-06
Elapsed_time=2.2e+04	timestep 1160000	t 1.536e+00	dt 1.324e-06
Elapsed_time=2.2e+04	timestep 1162500	t 1.539e+00	dt 1.324e-06
Elapsed_time=2.2e+04	timestep 1165000	t 1.542e+00	dt 1.324e-06
Elapsed_time=2.2e+04	timestep 1167500	t 1.545e+00	dt 1.324e-06
Elapsed_time=2.2e+04	timestep 1170000	t 1.549e+00	dt 1.324e-06
Elapsed_time=2.2e+04	timestep 1172500	t 1.552e+00	dt 1.324e-06
Elapsed_time=2.2e+04	timestep 1175000	t 1.555e+00	dt 1.324e-06
Elapsed_time=2.2e+04	timestep 1177500	t 1.559e+00	dt 1.324e-06
Elapsed_time=2.2e+04	timestep 1180000	t 1.562e+00	dt 1.324e-06
Elapsed_time=2.2e+04	timestep 1182500	t 1.565e+00	dt 1.324e-06
Elapsed_time=2.2e+04	timestep 1185000	t 1.569e+00	dt 1.324e-06
Elapsed_time=2.2e+04	timestep 1187500	t 1.572e+00	dt 1.324e-06
Elapsed_time=2.2e+04	timestep 1190000	t 1.575e+00	dt 1.324e-06
Elapsed_time=2.2e+04	timestep 1192500	t 1.579e+00	dt 1.324e-06
Elapsed_time=2.2e+04	timestep 1195000	t 1.582e+00	dt 1.324e-06
Elapsed_time=2.2e+04	timestep 1197500	t 1.585e+00	dt 1.324e-06
Elapsed_time=2.2e+04	timestep 1200000	t 1.588e+00	dt 1.324e-06
Elapsed_time=2.2e+04	timestep 1202500	t 1.592e+00	dt 1.324e-06
Elapsed_time=2.2e+04	timestep 1205000	t 1.595e+00	dt 1.324e-06
Elapsed_time=2.2e+04	timestep 1207500	t 1.598e+00	dt 1.324e-06
Elapsed_time=2.3e+04	timestep 1210000	t 1.602e+00	dt 1.324e-06
Elapsed_time=2.3e+04	timestep 1212500	t 1.605e+00	dt 1.324e-06
Elapsed_time=2.3e+04	timestep 1215000	t 1.608e+00	dt 1.324e-06
Elapsed_time=2.3e+04	timestep 1217500	t 1.612e+00	dt 1.324e-06
Elapsed_time=2.3e+04	timestep 1220000	t 1.615e+00	dt 1.324e-06
Elapsed_time=2.3e+04	timestep 1222500	t 1.618e+00	dt 1.324e-06
Elapsed_time=2.3e+04	timestep 1225000	t 1.622e+00	dt 1.324e-06
Elapsed_time=2.3e+04	timestep 1227500	t 1.625e+00	dt 1.324e-06
Elapsed_time=2.3e+04	timestep 1230000	t 1.628e+00	dt 1.324e-06
Elapsed_time=2.3e+04	timestep 1232500	t 1.631e+00	dt 1.324e-06
Elapsed_time=2.3e+04	timestep 1235000	t 1.635e+00	dt 1.324e-06
Elapsed_time=2.3e+04	timestep 1237500	t 1.638e+00	dt 1.324e-06
Elapsed_time=2.3e+04	timestep 1240000	t 1.641e+00	dt 1.324e-06
Elapsed_time=2.3e+04	timestep 1242500	t 1.645e+00	dt 1.324e-06
Elapsed_time=2.3e+04	timestep 1245000	t 1.648e+00	dt 1.324e-06
Elapsed_time=2.3e+04	timestep 1247500	t 1.651e+00	dt 1.324e-06
Elapsed_time=2.3e+04	timestep 1250000	t 1.655e+00	dt 1.324e-06
Elapsed_time=2.3e+04	timestep 1252500	t 1.658e+00	dt 1.324e-06
Elapsed_time=2.3e+04	timestep 1255000	t 1.661e+00	dt 1.324e-06
Elapsed_time=2.3e+04	timestep 1257500	t 1.665e+00	dt 1.324e-06
Elapsed_time=2.3e+04	timestep 1260000	t 1.668e+00	dt 1.324e-06
Elapsed_time=2.4e+04	timestep 1262500	t 1.671e+00	dt 1.324e-06
Elapsed_time=2.4e+04	timestep 1265000	t 1.675e+00	dt 1.324e-06
Elapsed_time=2.4e+04	timestep 1267500	t 1.678e+00	dt 1.324e-06
Elapsed_time=2.4e+04	timestep 1270000	t 1.681e+00	dt 1.324e-06
Elapsed_time=2.4e+04	timestep 1272500	t 1.684e+00	dt 1.324e-06
Elapsed_time=2.4e+04	timestep 1275000	t 1.688e+00	dt 1.324e-06
Elapsed_time=2.4e+04	timestep 1277500	t 1.691e+00	dt 1.324e-06
Elapsed_time=2.4e+04	timestep 1280000	t 1.694e+00	dt 1.324e-06
Elapsed_time=2.4e+04	timestep 1282500	t 1.698e+00	dt 1.324e-06
Elapsed_time=2.4e+04	timestep 1285000	t 1.701e+00	dt 1.324e-06
Elapsed_time=2.4e+04	timestep 1287500	t 1.704e+00	dt 1.324e-06
Elapsed_time=2.4e+04	timestep 1290000	t 1.708e+00	dt 1.324e-06
Elapsed_time=2.4e+04	timestep 1292500	t 1.711e+00	dt 1.324e-06
Elapsed_time=2.4e+04	timestep 1295000	t 1.714e+00	dt 1.324e-06
Elapsed_time=2.4e+04	timestep 1297500	t 1.718e+00	dt 1.324e-06
Elapsed_time=2.4e+04	timestep 1300000	t 1.721e+00	dt 1.324e-06
Elapsed_time=2.4e+04	timestep 1302500	t 1.724e+00	dt 1.324e-06
Elapsed_time=2.4e+04	timestep 1305000	t 1.727e+00	dt 1.324e-06
Elapsed_time=2.4e+04	timestep 1307500	t 1.731e+00	dt 1.324e-06
Elapsed_time=2.4e+04	timestep 1310000	t 1.734e+00	dt 1.324e-06
Elapsed_time=2.4e+04	timestep 1312500	t 1.737e+00	dt 1.324e-06
Elapsed_time=2.4e+04	timestep 1315000	t 1.741e+00	dt 1.324e-06
Elapsed_time=2.5e+04	timestep 1317500	t 1.744e+00	dt 1.324e-06
Elapsed_time=2.5e+04	timestep 1320000	t 1.747e+00	dt 1.324e-06
Elapsed_time=2.5e+04	timestep 1322500	t 1.751e+00	dt 1.324e-06
Elapsed_time=2.5e+04	timestep 1325000	t 1.754e+00	dt 1.324e-06
Elapsed_time=2.5e+04	timestep 1327500	t 1.757e+00	dt 1.324e-06
Elapsed_time=2.5e+04	timestep 1330000	t 1.761e+00	dt 1.324e-06
Elapsed_time=2.5e+04	timestep 1332500	t 1.764e+00	dt 1.324e-06
Elapsed_time=2.5e+04	timestep 1335000	t 1.767e+00	dt 1.324e-06
Elapsed_time=2.5e+04	timestep 1337500	t 1.770e+00	dt 1.324e-06
Elapsed_time=2.5e+04	timestep 1340000	t 1.774e+00	dt 1.324e-06
Elapsed_time=2.5e+04	timestep 1342500	t 1.777e+00	dt 1.324e-06
Elapsed_time=2.5e+04	timestep 1345000	t 1.780e+00	dt 1.324e-06
Elapsed_time=2.5e+04	timestep 1347500	t 1.784e+00	dt 1.324e-06
Elapsed_time=2.5e+04	timestep 1350000	t 1.787e+00	dt 1.324e-06
Elapsed_time=2.5e+04	timestep 1352500	t 1.790e+00	dt 1.324e-06
Elapsed_time=2.5e+04	timestep 1355000	t 1.794e+00	dt 1.324e-06
Elapsed_time=2.5e+04	timestep 1357500	t 1.797e+00	dt 1.324e-06
Elapsed_time=2.5e+04	timestep 1360000	t 1.800e+00	dt 1.324e-06
Elapsed_time=2.5e+04	timestep 1362500	t 1.804e+00	dt 1.324e-06
Elapsed_time=2.5e+04	timestep 1365000	t 1.807e+00	dt 1.324e-06
Elapsed_time=2.5e+04	timestep 1367500	t 1.810e+00	dt 1.324e-06
Elapsed_time=2.6e+04	timestep 1370000	t 1.813e+00	dt 1.324e-06
Elapsed_time=2.6e+04	timestep 1372500	t 1.817e+00	dt 1.324e-06
Elapsed_time=2.6e+04	timestep 1375000	t 1.820e+00	dt 1.324e-06
Elapsed_time=2.6e+04	timestep 1377500	t 1.823e+00	dt 1.324e-06
Elapsed_time=2.6e+04	timestep 1380000	t 1.827e+00	dt 1.324e-06
Elapsed_time=2.6e+04	timestep 1382500	t 1.830e+00	dt 1.324e-06
Elapsed_time=2.6e+04	timestep 1385000	t 1.833e+00	dt 1.324e-06
Elapsed_time=2.6e+04	timestep 1387500	t 1.837e+00	dt 1.324e-06
Elapsed_time=2.6e+04	timestep 1390000	t 1.840e+00	dt 1.324e-06
Elapsed_time=2.6e+04	timestep 1392500	t 1.843e+00	dt 1.324e-06
Elapsed_time=2.6e+04	timestep 1395000	t 1.847e+00	dt 1.324e-06
Elapsed_time=2.6e+04	timestep 1397500	t 1.850e+00	dt 1.324e-06
Elapsed_time=2.6e+04	timestep 1400000	t 1.853e+00	dt 1.324e-06
Elapsed_time=2.6e+04	timestep 1402500	t 1.857e+00	dt 1.324e-06
Elapsed_time=2.6e+04	timestep 1405000	t 1.860e+00	dt 1.324e-06
Elapsed_time=2.6e+04	timestep 1407500	t 1.863e+00	dt 1.324e-06
Elapsed_time=2.6e+04	timestep 1410000	t 1.866e+00	dt 1.324e-06
Elapsed_time=2.6e+04	timestep 1412500	t 1.870e+00	dt 1.324e-06
Elapsed_time=2.6e+04	timestep 1415000	t 1.873e+00	dt 1.324e-06
Elapsed_time=2.6e+04	timestep 1417500	t 1.876e+00	dt 1.324e-06
Elapsed_time=2.6e+04	timestep 1420000	t 1.880e+00	dt 1.324e-06
Elapsed_time=2.7e+04	timestep 1422500	t 1.883e+00	dt 1.324e-06
Elapsed_time=2.7e+04	timestep 1425000	t 1.886e+00	dt 1.324e-06
Elapsed_time=2.7e+04	timestep 1427500	t 1.890e+00	dt 1.324e-06
Elapsed_time=2.7e+04	timestep 1430000	t 1.893e+00	dt 1.324e-06
Elapsed_time=2.7e+04	timestep 1432500	t 1.896e+00	dt 1.324e-06
Elapsed_time=2.7e+04	timestep 1435000	t 1.900e+00	dt 1.324e-06
Elapsed_time=2.7e+04	timestep 1437500	t 1.903e+00	dt 1.324e-06
Elapsed_time=2.7e+04	timestep 1440000	t 1.906e+00	dt 1.324e-06
Elapsed_time=2.7e+04	timestep 1442500	t 1.909e+00	dt 1.324e-06
Elapsed_time=2.7e+04	timestep 1445000	t 1.913e+00	dt 1.324e-06
Elapsed_time=2.7e+04	timestep 1447500	t 1.916e+00	dt 1.324e-06
Elapsed_time=2.7e+04	timestep 1450000	t 1.919e+00	dt 1.324e-06
Elapsed_time=2.7e+04	timestep 1452500	t 1.923e+00	dt 1.324e-06
Elapsed_time=2.7e+04	timestep 1455000	t 1.926e+00	dt 1.324e-06
Elapsed_time=2.7e+04	timestep 1457500	t 1.929e+00	dt 1.324e-06
Elapsed_time=2.7e+04	timestep 1460000	t 1.933e+00	dt 1.324e-06
Elapsed_time=2.7e+04	timestep 1462500	t 1.936e+00	dt 1.324e-06
Elapsed_time=2.7e+04	timestep 1465000	t 1.939e+00	dt 1.324e-06
Elapsed_time=2.7e+04	timestep 1467500	t 1.943e+00	dt 1.324e-06
Elapsed_time=2.7e+04	timestep 1470000	t 1.946e+00	dt 1.324e-06
Elapsed_time=2.7e+04	timestep 1472500	t 1.949e+00	dt 1.324e-06
Elapsed_time=2.7e+04	timestep 1475000	t 1.952e+00	dt 1.324e-06
Elapsed_time=2.8e+04	timestep 1477500	t 1.956e+00	dt 1.324e-06
Elapsed_time=2.8e+04	timestep 1480000	t 1.959e+00	dt 1.324e-06
Elapsed_time=2.8e+04	timestep 1482500	t 1.962e+00	dt 1.324e-06
Elapsed_time=2.8e+04	timestep 1485000	t 1.966e+00	dt 1.324e-06
Elapsed_time=2.8e+04	timestep 1487500	t 1.969e+00	dt 1.324e-06
Elapsed_time=2.8e+04	timestep 1490000	t 1.972e+00	dt 1.324e-06
Elapsed_time=2.8e+04	timestep 1492500	t 1.976e+00	dt 1.324e-06
Elapsed_time=2.8e+04	timestep 1495000	t 1.979e+00	dt 1.324e-06
Elapsed_time=2.8e+04	timestep 1497500	t 1.982e+00	dt 1.324e-06
Elapsed_time=2.8e+04	timestep 1500000	t 1.986e+00	dt 1.324e-06
Elapsed_time=2.8e+04	timestep 1502500	t 1.989e+00	dt 1.324e-06
Elapsed_time=2.8e+04	timestep 1505000	t 1.992e+00	dt 1.324e-06
Elapsed_time=2.8e+04	timestep 1507500	t 1.996e+00	dt 1.324e-06
Elapsed_time=2.8e+04	timestep 1510000	t 1.999e+00	dt 1.324e-06
Elapsed_time=2.8e+04	timestep 1512500	t 2.002e+00	dt 1.324e-06
Elapsed_time=2.8e+04	timestep 1515000	t 2.005e+00	dt 1.324e-06
Elapsed_time=2.8e+04	timestep 1517500	t 2.009e+00	dt 1.324e-06
Elapsed_time=2.8e+04	timestep 1520000	t 2.012e+00	dt 1.324e-06
Elapsed_time=2.8e+04	timestep 1522500	t 2.015e+00	dt 1.324e-06
Elapsed_time=2.8e+04	timestep 1525000	t 2.019e+00	dt 1.324e-06
Elapsed_time=2.8e+04	timestep 1527500	t 2.022e+00	dt 1.324e-06
Elapsed_time=2.9e+04	timestep 1530000	t 2.025e+00	dt 1.324e-06
Elapsed_time=2.9e+04	timestep 1532500	t 2.029e+00	dt 1.324e-06
Elapsed_time=2.9e+04	timestep 1535000	t 2.032e+00	dt 1.324e-06
Elapsed_time=2.9e+04	timestep 1537500	t 2.035e+00	dt 1.324e-06
Elapsed_time=2.9e+04	timestep 1540000	t 2.039e+00	dt 1.324e-06
Elapsed_time=2.9e+04	timestep 1542500	t 2.042e+00	dt 1.324e-06
Elapsed_time=2.9e+04	timestep 1545000	t 2.045e+00	dt 1.324e-06
Elapsed_time=2.9e+04	timestep 1547500	t 2.048e+00	dt 1.324e-06
Elapsed_time=2.9e+04	timestep 1550000	t 2.052e+00	dt 1.324e-06
Elapsed_time=2.9e+04	timestep 1552500	t 2.055e+00	dt 1.324e-06
Elapsed_time=2.9e+04	timestep 1555000	t 2.058e+00	dt 1.324e-06
Elapsed_time=2.9e+04	timestep 1557500	t 2.062e+00	dt 1.324e-06
Elapsed_time=2.9e+04	timestep 1560000	t 2.065e+00	dt 1.324e-06
Elapsed_time=2.9e+04	timestep 1562500	t 2.068e+00	dt 1.324e-06
Elapsed_time=2.9e+04	timestep 1565000	t 2.072e+00	dt 1.324e-06
Elapsed_time=2.9e+04	timestep 1567500	t 2.075e+00	dt 1.324e-06
Elapsed_time=2.9e+04	timestep 1570000	t 2.078e+00	dt 1.324e-06
Elapsed_time=2.9e+04	timestep 1572500	t 2.082e+00	dt 1.324e-06
Elapsed_time=2.9e+04	timestep 1575000	t 2.085e+00	dt 1.324e-06
Elapsed_time=2.9e+04	timestep 1577500	t 2.088e+00	dt 1.324e-06
Elapsed_time=2.9e+04	timestep 1580000	t 2.091e+00	dt 1.324e-06
Elapsed_time=3.0e+04	timestep 1582500	t 2.095e+00	dt 1.324e-06
Elapsed_time=3.0e+04	timestep 1585000	t 2.098e+00	dt 1.324e-06
Elapsed_time=3.0e+04	timestep 1587500	t 2.101e+00	dt 1.324e-06
Elapsed_time=3.0e+04	timestep 1590000	t 2.105e+00	dt 1.324e-06
Elapsed_time=3.0e+04	timestep 1592500	t 2.108e+00	dt 1.324e-06
Elapsed_time=3.0e+04	timestep 1595000	t 2.111e+00	dt 1.324e-06
Elapsed_time=3.0e+04	timestep 1597500	t 2.115e+00	dt 1.324e-06
Elapsed_time=3.0e+04	timestep 1600000	t 2.118e+00	dt 1.324e-06
Elapsed_time=3.0e+04	timestep 1602500	t 2.121e+00	dt 1.324e-06
Elapsed_time=3.0e+04	timestep 1605000	t 2.125e+00	dt 1.324e-06
Elapsed_time=3.0e+04	timestep 1607500	t 2.128e+00	dt 1.324e-06
Elapsed_time=3.0e+04	timestep 1610000	t 2.131e+00	dt 1.324e-06
Elapsed_time=3.0e+04	timestep 1612500	t 2.134e+00	dt 1.324e-06
Elapsed_time=3.0e+04	timestep 1615000	t 2.138e+00	dt 1.324e-06
Elapsed_time=3.0e+04	timestep 1617500	t 2.141e+00	dt 1.324e-06
Elapsed_time=3.0e+04	timestep 1620000	t 2.144e+00	dt 1.324e-06
Elapsed_time=3.0e+04	timestep 1622500	t 2.148e+00	dt 1.324e-06
Elapsed_time=3.0e+04	timestep 1625000	t 2.151e+00	dt 1.324e-06
Elapsed_time=3.0e+04	timestep 1627500	t 2.154e+00	dt 1.324e-06
Elapsed_time=3.0e+04	timestep 1630000	t 2.158e+00	dt 1.324e-06
Elapsed_time=3.0e+04	timestep 1632500	t 2.161e+00	dt 1.324e-06
Elapsed_time=3.1e+04	timestep 1635000	t 2.164e+00	dt 1.324e-06
Elapsed_time=3.1e+04	timestep 1637500	t 2.168e+00	dt 1.324e-06
Elapsed_time=3.1e+04	timestep 1640000	t 2.171e+00	dt 1.324e-06
Elapsed_time=3.1e+04	timestep 1642500	t 2.174e+00	dt 1.324e-06
Elapsed_time=3.1e+04	timestep 1645000	t 2.178e+00	dt 1.324e-06
Elapsed_time=3.1e+04	timestep 1647500	t 2.181e+00	dt 1.324e-06
Elapsed_time=3.1e+04	timestep 1650000	t 2.184e+00	dt 1.324e-06
Elapsed_time=3.1e+04	timestep 1652500	t 2.187e+00	dt 1.324e-06
Elapsed_time=3.1e+04	timestep 1655000	t 2.191e+00	dt 1.324e-06
Elapsed_time=3.1e+04	timestep 1657500	t 2.194e+00	dt 1.324e-06
Elapsed_time=3.1e+04	timestep 1660000	t 2.197e+00	dt 1.324e-06
Elapsed_time=3.1e+04	timestep 1662500	t 2.201e+00	dt 1.324e-06
Elapsed_time=3.1e+04	timestep 1665000	t 2.204e+00	dt 1.324e-06
Elapsed_time=3.1e+04	timestep 1667500	t 2.207e+00	dt 1.324e-06
Elapsed_time=3.1e+04	timestep 1670000	t 2.211e+00	dt 1.324e-06
Elapsed_time=3.1e+04	timestep 1672500	t 2.214e+00	dt 1.324e-06
Elapsed_time=3.1e+04	timestep 1675000	t 2.217e+00	dt 1.324e-06
Elapsed_time=3.1e+04	timestep 1677500	t 2.221e+00	dt 1.324e-06
Elapsed_time=3.1e+04	timestep 1680000	t 2.224e+00	dt 1.324e-06
Elapsed_time=3.1e+04	timestep 1682500	t 2.227e+00	dt 1.324e-06
Elapsed_time=3.1e+04	timestep 1685000	t 2.230e+00	dt 1.324e-06
Elapsed_time=3.1e+04	timestep 1687500	t 2.234e+00	dt 1.324e-06
Elapsed_time=3.2e+04	timestep 1690000	t 2.237e+00	dt 1.324e-06
Elapsed_time=3.2e+04	timestep 1692500	t 2.240e+00	dt 1.324e-06
Elapsed_time=3.2e+04	timestep 1695000	t 2.244e+00	dt 1.324e-06
Elapsed_time=3.2e+04	timestep 1697500	t 2.247e+00	dt 1.324e-06
Elapsed_time=3.2e+04	timestep 1700000	t 2.250e+00	dt 1.324e-06
Elapsed_time=3.2e+04	timestep 1702500	t 2.254e+00	dt 1.324e-06
Elapsed_time=3.2e+04	timestep 1705000	t 2.257e+00	dt 1.324e-06
Elapsed_time=3.2e+04	timestep 1707500	t 2.260e+00	dt 1.324e-06
Elapsed_time=3.2e+04	timestep 1710000	t 2.264e+00	dt 1.324e-06
Elapsed_time=3.2e+04	timestep 1712500	t 2.267e+00	dt 1.324e-06
Elapsed_time=3.2e+04	timestep 1715000	t 2.270e+00	dt 1.324e-06
Elapsed_time=3.2e+04	timestep 1717500	t 2.273e+00	dt 1.324e-06
Elapsed_time=3.2e+04	timestep 1720000	t 2.277e+00	dt 1.324e-06
Elapsed_time=3.2e+04	timestep 1722500	t 2.280e+00	dt 1.324e-06
Elapsed_time=3.2e+04	timestep 1725000	t 2.283e+00	dt 1.324e-06
Elapsed_time=3.2e+04	timestep 1727500	t 2.287e+00	dt 1.324e-06
Elapsed_time=3.2e+04	timestep 1730000	t 2.290e+00	dt 1.324e-06
Elapsed_time=3.2e+04	timestep 1732500	t 2.293e+00	dt 1.324e-06
Elapsed_time=3.2e+04	timestep 1735000	t 2.297e+00	dt 1.324e-06
Elapsed_time=3.2e+04	timestep 1737500	t 2.300e+00	dt 1.324e-06
Elapsed_time=3.2e+04	timestep 1740000	t 2.303e+00	dt 1.324e-06
Elapsed_time=3.3e+04	timestep 1742500	t 2.307e+00	dt 1.324e-06
Elapsed_time=3.3e+04	timestep 1745000	t 2.310e+00	dt 1.324e-06
Elapsed_time=3.3e+04	timestep 1747500	t 2.313e+00	dt 1.324e-06
Elapsed_time=3.3e+04	timestep 1750000	t 2.317e+00	dt 1.324e-06
Elapsed_time=3.3e+04	timestep 1752500	t 2.320e+00	dt 1.324e-06
Elapsed_time=3.3e+04	timestep 1755000	t 2.323e+00	dt 1.324e-06
Elapsed_time=3.3e+04	timestep 1757500	t 2.326e+00	dt 1.324e-06
Elapsed_time=3.3e+04	timestep 1760000	t 2.330e+00	dt 1.324e-06
Elapsed_time=3.3e+04	timestep 1762500	t 2.333e+00	dt 1.324e-06
Elapsed_time=3.3e+04	timestep 1765000	t 2.336e+00	dt 1.324e-06
Elapsed_time=3.3e+04	timestep 1767500	t 2.340e+00	dt 1.324e-06
Elapsed_time=3.3e+04	timestep 1770000	t 2.343e+00	dt 1.324e-06
Elapsed_time=3.3e+04	timestep 1772500	t 2.346e+00	dt 1.324e-06
Elapsed_time=3.3e+04	timestep 1775000	t 2.350e+00	dt 1.324e-06
Elapsed_time=3.3e+04	timestep 1777500	t 2.353e+00	dt 1.324e-06
Elapsed_time=3.3e+04	timestep 1780000	t 2.356e+00	dt 1.324e-06
Elapsed_time=3.3e+04	timestep 1782500	t 2.360e+00	dt 1.324e-06
Elapsed_time=3.3e+04	timestep 1785000	t 2.363e+00	dt 1.324e-06
Elapsed_time=3.3e+04	timestep 1787500	t 2.366e+00	dt 1.324e-06
Elapsed_time=3.3e+04	timestep 1790000	t 2.369e+00	dt 1.324e-06
Elapsed_time=3.3e+04	timestep 1792500	t 2.373e+00	dt 1.324e-06
Elapsed_time=3.4e+04	timestep 1795000	t 2.376e+00	dt 1.324e-06
Elapsed_time=3.4e+04	timestep 1797500	t 2.379e+00	dt 1.324e-06
Elapsed_time=3.4e+04	timestep 1800000	t 2.383e+00	dt 1.324e-06
Elapsed_time=3.4e+04	timestep 1802500	t 2.386e+00	dt 1.324e-06
Elapsed_time=3.4e+04	timestep 1805000	t 2.389e+00	dt 1.324e-06
Elapsed_time=3.4e+04	timestep 1807500	t 2.393e+00	dt 1.324e-06
Elapsed_time=3.4e+04	timestep 1810000	t 2.396e+00	dt 1.324e-06
Elapsed_time=3.4e+04	timestep 1812500	t 2.399e+00	dt 1.324e-06
Elapsed_time=3.4e+04	timestep 1815000	t 2.403e+00	dt 1.324e-06
Elapsed_time=3.4e+04	timestep 1817500	t 2.406e+00	dt 1.324e-06
Elapsed_time=3.4e+04	timestep 1820000	t 2.409e+00	dt 1.324e-06
The CFL criterion is not stringent enough!

=====================================================================================
=   BAD TERMINATION OF ONE OF YOUR APPLICATION PROCESSES
=   EXIT CODE: 3072
=   CLEANING UP REMAINING PROCESSES
=   YOU CAN IGNORE THE BELOW CLEANUP MESSAGES
=====================================================================================
